<?xml version="1.0" encoding="UTF-8"?>
<testsuite xmlns:xsi="http://www.w3.org/2001/XMLSchema-instance" xsi:noNamespaceSchemaLocation="https://maven.apache.org/surefire/maven-surefire-plugin/xsd/surefire-test-report.xsd" name="com.aut.demo.tigoShop.specs.All_Tests" time="137.49" tests="4" errors="4" skipped="0" failures="0">
  <properties>
    <property name="sun.desktop" value="windows"/>
    <property name="awt.toolkit" value="sun.awt.windows.WToolkit"/>
    <property name="file.encoding.pkg" value="sun.io"/>
    <property name="java.specification.version" value="1.8"/>
    <property name="sun.cpu.isalist" value="amd64"/>
    <property name="sun.jnu.encoding" value="Cp1252"/>
    <property name="java.class.path" value="C:\Users\HTC\Desktop\GitKrakenRepositories\DemoAutoMobile\DemoAutoMobile\target\test-classes;C:\Users\HTC\Desktop\GitKrakenRepositories\DemoAutoMobile\DemoAutoMobile\target\classes;C:\Users\HTC\.m2\repository\org\junit\jupiter\junit-jupiter-api\5.3.1\junit-jupiter-api-5.3.1.jar;C:\Users\HTC\.m2\repository\org\apiguardian\apiguardian-api\1.0.0\apiguardian-api-1.0.0.jar;C:\Users\HTC\.m2\repository\org\opentest4j\opentest4j\1.1.1\opentest4j-1.1.1.jar;C:\Users\HTC\.m2\repository\org\junit\platform\junit-platform-commons\1.3.1\junit-platform-commons-1.3.1.jar;C:\Users\HTC\.m2\repository\org\junit\jupiter\junit-jupiter-engine\5.3.1\junit-jupiter-engine-5.3.1.jar;C:\Users\HTC\.m2\repository\org\junit\platform\junit-platform-engine\1.3.1\junit-platform-engine-1.3.1.jar;C:\Users\HTC\.m2\repository\io\qameta\allure\allure-junit5\2.12.1\allure-junit5-2.12.1.jar;C:\Users\HTC\.m2\repository\io\qameta\allure\allure-junit-platform\2.12.1\allure-junit-platform-2.12.1.jar;C:\Users\HTC\.m2\repository\io\qameta\allure\allure-java-commons\2.12.1\allure-java-commons-2.12.1.jar;C:\Users\HTC\.m2\repository\io\qameta\allure\allure-model\2.12.1\allure-model-2.12.1.jar;C:\Users\HTC\.m2\repository\com\fasterxml\jackson\core\jackson-databind\2.9.8\jackson-databind-2.9.8.jar;C:\Users\HTC\.m2\repository\com\fasterxml\jackson\core\jackson-annotations\2.9.0\jackson-annotations-2.9.0.jar;C:\Users\HTC\.m2\repository\com\fasterxml\jackson\core\jackson-core\2.9.8\jackson-core-2.9.8.jar;C:\Users\HTC\.m2\repository\org\apache\tika\tika-core\1.20\tika-core-1.20.jar;C:\Users\HTC\.m2\repository\org\jooq\joor-java-8\0.9.10\joor-java-8-0.9.10.jar;C:\Users\HTC\.m2\repository\org\junit\platform\junit-platform-launcher\1.4.0\junit-platform-launcher-1.4.0.jar;C:\Users\HTC\.m2\repository\io\appium\java-client\7.1.0\java-client-7.1.0.jar;C:\Users\HTC\.m2\repository\org\seleniumhq\selenium\selenium-support\4.0.0-alpha-1\selenium-support-4.0.0-alpha-1.jar;C:\Users\HTC\.m2\repository\org\seleniumhq\selenium\selenium-remote-driver\4.0.0-alpha-1\selenium-remote-driver-4.0.0-alpha-1.jar;C:\Users\HTC\.m2\repository\net\bytebuddy\byte-buddy\1.9.12\byte-buddy-1.9.12.jar;C:\Users\HTC\.m2\repository\org\apache\commons\commons-exec\1.3\commons-exec-1.3.jar;C:\Users\HTC\.m2\repository\com\google\guava\guava\27.1-jre\guava-27.1-jre.jar;C:\Users\HTC\.m2\repository\com\google\guava\failureaccess\1.0.1\failureaccess-1.0.1.jar;C:\Users\HTC\.m2\repository\com\google\guava\listenablefuture\9999.0-empty-to-avoid-conflict-with-guava\listenablefuture-9999.0-empty-to-avoid-conflict-with-guava.jar;C:\Users\HTC\.m2\repository\com\google\code\findbugs\jsr305\3.0.2\jsr305-3.0.2.jar;C:\Users\HTC\.m2\repository\org\checkerframework\checker-qual\2.5.2\checker-qual-2.5.2.jar;C:\Users\HTC\.m2\repository\com\google\errorprone\error_prone_annotations\2.2.0\error_prone_annotations-2.2.0.jar;C:\Users\HTC\.m2\repository\com\google\j2objc\j2objc-annotations\1.1\j2objc-annotations-1.1.jar;C:\Users\HTC\.m2\repository\org\codehaus\mojo\animal-sniffer-annotations\1.17\animal-sniffer-annotations-1.17.jar;C:\Users\HTC\.m2\repository\com\squareup\okhttp3\okhttp\3.14.0\okhttp-3.14.0.jar;C:\Users\HTC\.m2\repository\com\squareup\okio\okio\1.17.2\okio-1.17.2.jar;C:\Users\HTC\.m2\repository\org\seleniumhq\selenium\selenium-api\4.0.0-alpha-1\selenium-api-4.0.0-alpha-1.jar;C:\Users\HTC\.m2\repository\com\google\code\gson\gson\2.8.5\gson-2.8.5.jar;C:\Users\HTC\.m2\repository\org\apache\httpcomponents\httpclient\4.5.8\httpclient-4.5.8.jar;C:\Users\HTC\.m2\repository\org\apache\httpcomponents\httpcore\4.4.11\httpcore-4.4.11.jar;C:\Users\HTC\.m2\repository\commons-logging\commons-logging\1.2\commons-logging-1.2.jar;C:\Users\HTC\.m2\repository\commons-codec\commons-codec\1.11\commons-codec-1.11.jar;C:\Users\HTC\.m2\repository\cglib\cglib\3.2.10\cglib-3.2.10.jar;C:\Users\HTC\.m2\repository\org\ow2\asm\asm\7.0\asm-7.0.jar;C:\Users\HTC\.m2\repository\org\apache\ant\ant\1.10.3\ant-1.10.3.jar;C:\Users\HTC\.m2\repository\org\apache\ant\ant-launcher\1.10.3\ant-launcher-1.10.3.jar;C:\Users\HTC\.m2\repository\commons-validator\commons-validator\1.6\commons-validator-1.6.jar;C:\Users\HTC\.m2\repository\commons-beanutils\commons-beanutils\1.9.2\commons-beanutils-1.9.2.jar;C:\Users\HTC\.m2\repository\commons-digester\commons-digester\1.8.1\commons-digester-1.8.1.jar;C:\Users\HTC\.m2\repository\commons-collections\commons-collections\3.2.2\commons-collections-3.2.2.jar;C:\Users\HTC\.m2\repository\commons-io\commons-io\2.6\commons-io-2.6.jar;C:\Users\HTC\.m2\repository\org\springframework\spring-context\5.1.6.RELEASE\spring-context-5.1.6.RELEASE.jar;C:\Users\HTC\.m2\repository\org\springframework\spring-aop\5.1.6.RELEASE\spring-aop-5.1.6.RELEASE.jar;C:\Users\HTC\.m2\repository\org\springframework\spring-beans\5.1.6.RELEASE\spring-beans-5.1.6.RELEASE.jar;C:\Users\HTC\.m2\repository\org\springframework\spring-core\5.1.6.RELEASE\spring-core-5.1.6.RELEASE.jar;C:\Users\HTC\.m2\repository\org\springframework\spring-jcl\5.1.6.RELEASE\spring-jcl-5.1.6.RELEASE.jar;C:\Users\HTC\.m2\repository\org\springframework\spring-expression\5.1.6.RELEASE\spring-expression-5.1.6.RELEASE.jar;C:\Users\HTC\.m2\repository\org\aspectj\aspectjweaver\1.9.3\aspectjweaver-1.9.3.jar;C:\Users\HTC\.m2\repository\org\slf4j\slf4j-api\1.7.26\slf4j-api-1.7.26.jar;C:\Users\HTC\.m2\repository\org\seleniumhq\selenium\selenium-java\4.0.0-alpha-2\selenium-java-4.0.0-alpha-2.jar;C:\Users\HTC\.m2\repository\org\seleniumhq\selenium\selenium-chrome-driver\4.0.0-alpha-2\selenium-chrome-driver-4.0.0-alpha-2.jar;C:\Users\HTC\.m2\repository\org\seleniumhq\selenium\selenium-chromium-driver\4.0.0-alpha-2\selenium-chromium-driver-4.0.0-alpha-2.jar;C:\Users\HTC\.m2\repository\org\seleniumhq\selenium\selenium-edgehtml-driver\4.0.0-alpha-2\selenium-edgehtml-driver-4.0.0-alpha-2.jar;C:\Users\HTC\.m2\repository\org\seleniumhq\selenium\selenium-edge-driver\4.0.0-alpha-2\selenium-edge-driver-4.0.0-alpha-2.jar;C:\Users\HTC\.m2\repository\org\seleniumhq\selenium\selenium-firefox-xpi-driver\4.0.0-alpha-2\selenium-firefox-xpi-driver-4.0.0-alpha-2.jar;C:\Users\HTC\.m2\repository\org\seleniumhq\selenium\selenium-firefox-driver\4.0.0-alpha-2\selenium-firefox-driver-4.0.0-alpha-2.jar;C:\Users\HTC\.m2\repository\org\seleniumhq\selenium\selenium-ie-driver\4.0.0-alpha-2\selenium-ie-driver-4.0.0-alpha-2.jar;C:\Users\HTC\.m2\repository\org\seleniumhq\selenium\selenium-opera-driver\4.0.0-alpha-2\selenium-opera-driver-4.0.0-alpha-2.jar;C:\Users\HTC\.m2\repository\org\seleniumhq\selenium\selenium-safari-driver\4.0.0-alpha-2\selenium-safari-driver-4.0.0-alpha-2.jar;C:\Users\HTC\.m2\repository\org\apache\commons\commons-lang3\3.9\commons-lang3-3.9.jar;C:\Users\HTC\.m2\repository\org\hamcrest\hamcrest-core\1.3\hamcrest-core-1.3.jar;"/>
    <property name="java.vm.vendor" value="Oracle Corporation"/>
    <property name="sun.arch.data.model" value="64"/>
    <property name="user.variant" value=""/>
    <property name="java.vendor.url" value="http://java.oracle.com/"/>
    <property name="user.timezone" value="America/Regina"/>
    <property name="java.vm.specification.version" value="1.8"/>
    <property name="os.name" value="Windows 10"/>
    <property name="user.country" value="SV"/>
    <property name="sun.java.launcher" value="SUN_STANDARD"/>
    <property name="sun.boot.library.path" value="C:\Program Files\Java\jdk1.8.0_211\jre\bin"/>
    <property name="sun.java.command" value="C:\Users\HTC\AppData\Local\Temp\surefire4332880369643523410\surefirebooter7108363332202764354.jar C:\Users\HTC\AppData\Local\Temp\surefire4332880369643523410 2019-07-29T16-56-43_449-jvmRun1 surefire8287249314056009252tmp surefire_03622611743126006894tmp"/>
    <property name="surefire.test.class.path" value="C:\Users\HTC\Desktop\GitKrakenRepositories\DemoAutoMobile\DemoAutoMobile\target\test-classes;C:\Users\HTC\Desktop\GitKrakenRepositories\DemoAutoMobile\DemoAutoMobile\target\classes;C:\Users\HTC\.m2\repository\org\junit\jupiter\junit-jupiter-api\5.3.1\junit-jupiter-api-5.3.1.jar;C:\Users\HTC\.m2\repository\org\apiguardian\apiguardian-api\1.0.0\apiguardian-api-1.0.0.jar;C:\Users\HTC\.m2\repository\org\opentest4j\opentest4j\1.1.1\opentest4j-1.1.1.jar;C:\Users\HTC\.m2\repository\org\junit\platform\junit-platform-commons\1.3.1\junit-platform-commons-1.3.1.jar;C:\Users\HTC\.m2\repository\org\junit\jupiter\junit-jupiter-engine\5.3.1\junit-jupiter-engine-5.3.1.jar;C:\Users\HTC\.m2\repository\org\junit\platform\junit-platform-engine\1.3.1\junit-platform-engine-1.3.1.jar;C:\Users\HTC\.m2\repository\io\qameta\allure\allure-junit5\2.12.1\allure-junit5-2.12.1.jar;C:\Users\HTC\.m2\repository\io\qameta\allure\allure-junit-platform\2.12.1\allure-junit-platform-2.12.1.jar;C:\Users\HTC\.m2\repository\io\qameta\allure\allure-java-commons\2.12.1\allure-java-commons-2.12.1.jar;C:\Users\HTC\.m2\repository\io\qameta\allure\allure-model\2.12.1\allure-model-2.12.1.jar;C:\Users\HTC\.m2\repository\com\fasterxml\jackson\core\jackson-databind\2.9.8\jackson-databind-2.9.8.jar;C:\Users\HTC\.m2\repository\com\fasterxml\jackson\core\jackson-annotations\2.9.0\jackson-annotations-2.9.0.jar;C:\Users\HTC\.m2\repository\com\fasterxml\jackson\core\jackson-core\2.9.8\jackson-core-2.9.8.jar;C:\Users\HTC\.m2\repository\org\apache\tika\tika-core\1.20\tika-core-1.20.jar;C:\Users\HTC\.m2\repository\org\jooq\joor-java-8\0.9.10\joor-java-8-0.9.10.jar;C:\Users\HTC\.m2\repository\org\junit\platform\junit-platform-launcher\1.4.0\junit-platform-launcher-1.4.0.jar;C:\Users\HTC\.m2\repository\io\appium\java-client\7.1.0\java-client-7.1.0.jar;C:\Users\HTC\.m2\repository\org\seleniumhq\selenium\selenium-support\4.0.0-alpha-1\selenium-support-4.0.0-alpha-1.jar;C:\Users\HTC\.m2\repository\org\seleniumhq\selenium\selenium-remote-driver\4.0.0-alpha-1\selenium-remote-driver-4.0.0-alpha-1.jar;C:\Users\HTC\.m2\repository\net\bytebuddy\byte-buddy\1.9.12\byte-buddy-1.9.12.jar;C:\Users\HTC\.m2\repository\org\apache\commons\commons-exec\1.3\commons-exec-1.3.jar;C:\Users\HTC\.m2\repository\com\google\guava\guava\27.1-jre\guava-27.1-jre.jar;C:\Users\HTC\.m2\repository\com\google\guava\failureaccess\1.0.1\failureaccess-1.0.1.jar;C:\Users\HTC\.m2\repository\com\google\guava\listenablefuture\9999.0-empty-to-avoid-conflict-with-guava\listenablefuture-9999.0-empty-to-avoid-conflict-with-guava.jar;C:\Users\HTC\.m2\repository\com\google\code\findbugs\jsr305\3.0.2\jsr305-3.0.2.jar;C:\Users\HTC\.m2\repository\org\checkerframework\checker-qual\2.5.2\checker-qual-2.5.2.jar;C:\Users\HTC\.m2\repository\com\google\errorprone\error_prone_annotations\2.2.0\error_prone_annotations-2.2.0.jar;C:\Users\HTC\.m2\repository\com\google\j2objc\j2objc-annotations\1.1\j2objc-annotations-1.1.jar;C:\Users\HTC\.m2\repository\org\codehaus\mojo\animal-sniffer-annotations\1.17\animal-sniffer-annotations-1.17.jar;C:\Users\HTC\.m2\repository\com\squareup\okhttp3\okhttp\3.14.0\okhttp-3.14.0.jar;C:\Users\HTC\.m2\repository\com\squareup\okio\okio\1.17.2\okio-1.17.2.jar;C:\Users\HTC\.m2\repository\org\seleniumhq\selenium\selenium-api\4.0.0-alpha-1\selenium-api-4.0.0-alpha-1.jar;C:\Users\HTC\.m2\repository\com\google\code\gson\gson\2.8.5\gson-2.8.5.jar;C:\Users\HTC\.m2\repository\org\apache\httpcomponents\httpclient\4.5.8\httpclient-4.5.8.jar;C:\Users\HTC\.m2\repository\org\apache\httpcomponents\httpcore\4.4.11\httpcore-4.4.11.jar;C:\Users\HTC\.m2\repository\commons-logging\commons-logging\1.2\commons-logging-1.2.jar;C:\Users\HTC\.m2\repository\commons-codec\commons-codec\1.11\commons-codec-1.11.jar;C:\Users\HTC\.m2\repository\cglib\cglib\3.2.10\cglib-3.2.10.jar;C:\Users\HTC\.m2\repository\org\ow2\asm\asm\7.0\asm-7.0.jar;C:\Users\HTC\.m2\repository\org\apache\ant\ant\1.10.3\ant-1.10.3.jar;C:\Users\HTC\.m2\repository\org\apache\ant\ant-launcher\1.10.3\ant-launcher-1.10.3.jar;C:\Users\HTC\.m2\repository\commons-validator\commons-validator\1.6\commons-validator-1.6.jar;C:\Users\HTC\.m2\repository\commons-beanutils\commons-beanutils\1.9.2\commons-beanutils-1.9.2.jar;C:\Users\HTC\.m2\repository\commons-digester\commons-digester\1.8.1\commons-digester-1.8.1.jar;C:\Users\HTC\.m2\repository\commons-collections\commons-collections\3.2.2\commons-collections-3.2.2.jar;C:\Users\HTC\.m2\repository\commons-io\commons-io\2.6\commons-io-2.6.jar;C:\Users\HTC\.m2\repository\org\springframework\spring-context\5.1.6.RELEASE\spring-context-5.1.6.RELEASE.jar;C:\Users\HTC\.m2\repository\org\springframework\spring-aop\5.1.6.RELEASE\spring-aop-5.1.6.RELEASE.jar;C:\Users\HTC\.m2\repository\org\springframework\spring-beans\5.1.6.RELEASE\spring-beans-5.1.6.RELEASE.jar;C:\Users\HTC\.m2\repository\org\springframework\spring-core\5.1.6.RELEASE\spring-core-5.1.6.RELEASE.jar;C:\Users\HTC\.m2\repository\org\springframework\spring-jcl\5.1.6.RELEASE\spring-jcl-5.1.6.RELEASE.jar;C:\Users\HTC\.m2\repository\org\springframework\spring-expression\5.1.6.RELEASE\spring-expression-5.1.6.RELEASE.jar;C:\Users\HTC\.m2\repository\org\aspectj\aspectjweaver\1.9.3\aspectjweaver-1.9.3.jar;C:\Users\HTC\.m2\repository\org\slf4j\slf4j-api\1.7.26\slf4j-api-1.7.26.jar;C:\Users\HTC\.m2\repository\org\seleniumhq\selenium\selenium-java\4.0.0-alpha-2\selenium-java-4.0.0-alpha-2.jar;C:\Users\HTC\.m2\repository\org\seleniumhq\selenium\selenium-chrome-driver\4.0.0-alpha-2\selenium-chrome-driver-4.0.0-alpha-2.jar;C:\Users\HTC\.m2\repository\org\seleniumhq\selenium\selenium-chromium-driver\4.0.0-alpha-2\selenium-chromium-driver-4.0.0-alpha-2.jar;C:\Users\HTC\.m2\repository\org\seleniumhq\selenium\selenium-edgehtml-driver\4.0.0-alpha-2\selenium-edgehtml-driver-4.0.0-alpha-2.jar;C:\Users\HTC\.m2\repository\org\seleniumhq\selenium\selenium-edge-driver\4.0.0-alpha-2\selenium-edge-driver-4.0.0-alpha-2.jar;C:\Users\HTC\.m2\repository\org\seleniumhq\selenium\selenium-firefox-xpi-driver\4.0.0-alpha-2\selenium-firefox-xpi-driver-4.0.0-alpha-2.jar;C:\Users\HTC\.m2\repository\org\seleniumhq\selenium\selenium-firefox-driver\4.0.0-alpha-2\selenium-firefox-driver-4.0.0-alpha-2.jar;C:\Users\HTC\.m2\repository\org\seleniumhq\selenium\selenium-ie-driver\4.0.0-alpha-2\selenium-ie-driver-4.0.0-alpha-2.jar;C:\Users\HTC\.m2\repository\org\seleniumhq\selenium\selenium-opera-driver\4.0.0-alpha-2\selenium-opera-driver-4.0.0-alpha-2.jar;C:\Users\HTC\.m2\repository\org\seleniumhq\selenium\selenium-safari-driver\4.0.0-alpha-2\selenium-safari-driver-4.0.0-alpha-2.jar;C:\Users\HTC\.m2\repository\org\apache\commons\commons-lang3\3.9\commons-lang3-3.9.jar;C:\Users\HTC\.m2\repository\org\hamcrest\hamcrest-core\1.3\hamcrest-core-1.3.jar;"/>
    <property name="sun.cpu.endian" value="little"/>
    <property name="user.home" value="C:\Users\HTC"/>
    <property name="user.language" value="es"/>
    <property name="java.specification.vendor" value="Oracle Corporation"/>
    <property name="java.home" value="C:\Program Files\Java\jdk1.8.0_211\jre"/>
    <property name="basedir" value="C:\Users\HTC\Desktop\GitKrakenRepositories\DemoAutoMobile\DemoAutoMobile"/>
    <property name="file.separator" value="\"/>
    <property name="line.separator" value="&#10;"/>
    <property name="java.vm.specification.vendor" value="Oracle Corporation"/>
    <property name="java.specification.name" value="Java Platform API Specification"/>
    <property name="java.awt.graphicsenv" value="sun.awt.Win32GraphicsEnvironment"/>
    <property name="surefire.real.class.path" value="C:\Users\HTC\AppData\Local\Temp\surefire4332880369643523410\surefirebooter7108363332202764354.jar;C:\Users\HTC\.m2\repository/org/aspectj/aspectjweaver/1.9.2/aspectjweaver-1.9.2.jar"/>
    <property name="sun.boot.class.path" value="C:\Program Files\Java\jdk1.8.0_211\jre\lib\resources.jar;C:\Program Files\Java\jdk1.8.0_211\jre\lib\rt.jar;C:\Program Files\Java\jdk1.8.0_211\jre\lib\sunrsasign.jar;C:\Program Files\Java\jdk1.8.0_211\jre\lib\jsse.jar;C:\Program Files\Java\jdk1.8.0_211\jre\lib\jce.jar;C:\Program Files\Java\jdk1.8.0_211\jre\lib\charsets.jar;C:\Program Files\Java\jdk1.8.0_211\jre\lib\jfr.jar;C:\Program Files\Java\jdk1.8.0_211\jre\classes"/>
    <property name="user.script" value=""/>
    <property name="sun.management.compiler" value="HotSpot 64-Bit Tiered Compilers"/>
    <property name="java.runtime.version" value="1.8.0_211-b12"/>
    <property name="user.name" value="HTC"/>
    <property name="path.separator" value=";"/>
    <property name="os.version" value="10.0"/>
    <property name="java.endorsed.dirs" value="C:\Program Files\Java\jdk1.8.0_211\jre\lib\endorsed"/>
    <property name="java.runtime.name" value="Java(TM) SE Runtime Environment"/>
    <property name="file.encoding" value="Cp1252"/>
    <property name="java.vm.name" value="Java HotSpot(TM) 64-Bit Server VM"/>
    <property name="localRepository" value="C:\Users\HTC\.m2\repository"/>
    <property name="java.vendor.url.bug" value="http://bugreport.sun.com/bugreport/"/>
    <property name="java.io.tmpdir" value="C:\Users\HTC\AppData\Local\Temp\"/>
    <property name="java.version" value="1.8.0_211"/>
    <property name="user.dir" value="C:\Users\HTC\Desktop\GitKrakenRepositories\DemoAutoMobile\DemoAutoMobile"/>
    <property name="os.arch" value="amd64"/>
    <property name="java.vm.specification.name" value="Java Virtual Machine Specification"/>
    <property name="java.awt.printerjob" value="sun.awt.windows.WPrinterJob"/>
    <property name="sun.os.patch.level" value=""/>
    <property name="java.library.path" value="C:\Program Files\Java\jdk1.8.0_211\jre\bin;C:\Windows\Sun\Java\bin;C:\Windows\system32;C:\Windows;C:\Program Files (x86)\Common Files\Oracle\Java\javapath;C:\Windows\system32;C:\Windows;C:\Windows\System32\Wbem;C:\Windows\System32\WindowsPowerShell\v1.0\;C:\ProgramData\chocolatey\bin;C:\Program Files\nodejs\;C:\Program Files\Java\jdk1.8.0_211\bin;C:\Program Files\gauge\bin;C:\Program Files\Git\cmd;C:\Program Files (x86)\Intel\Intel(R) Management Engine Components\DAL;C:\Program Files\Intel\Intel(R) Management Engine Components\DAL46;C:\Users\HTC\Allure\allure-2.12.1\bin;C:\Users\HTC\Gradle\gradle-5.5.1\bin;;C:\Users\HTC\AppData\Local\Programs\Microsoft VS Code\bin;C:\Users\HTC\AppData\Roaming\npm;."/>
    <property name="java.vm.info" value="mixed mode"/>
    <property name="java.vendor" value="Oracle Corporation"/>
    <property name="java.vm.version" value="25.211-b12"/>
    <property name="java.ext.dirs" value="C:\Program Files\Java\jdk1.8.0_211\jre\lib\ext;C:\Windows\Sun\Java\lib\ext"/>
    <property name="sun.io.unicode.encoding" value="UnicodeLittle"/>
    <property name="java.class.version" value="52.0"/>
  </properties>
  <testcase name="showBalances01" classname="com.aut.demo.tigoShop.specs.All_Tests" time="0.327">
    <error message="com/aut/demo/util/DriverFactory" type="java.lang.NoClassDefFoundError"><![CDATA[java.lang.NoClassDefFoundError: com/aut/demo/util/DriverFactory
	at com.aut.demo.tigoShop.specs.All_Tests.<init>(All_Tests.java:26)
Caused by: java.lang.ClassNotFoundException: com.aut.demo.util.DriverFactory
	at com.aut.demo.tigoShop.specs.All_Tests.<init>(All_Tests.java:26)
]]></error>
    <system-out><![CDATA[[INFO] Scanning for projects...
[INFO] 
[INFO] --------------------< com.aut.demo:DemoAutoMobile >---------------------
[INFO] Building DemoAutoMobile 1.0-SNAPSHOT
[INFO] --------------------------------[ jar ]---------------------------------
[INFO] 
[INFO] --- maven-clean-plugin:2.5:clean (default-clean) @ DemoAutoMobile ---
[INFO] Deleting C:\Users\HTC\Desktop\GitKrakenRepositories\DemoAutoMobile\DemoAutoMobile\target
[INFO] 
[INFO] --- maven-resources-plugin:2.6:resources (default-resources) @ DemoAutoMobile ---
[INFO] Using 'UTF-8' encoding to copy filtered resources.
[INFO] Copying 0 resource
[INFO] 
[INFO] --- maven-compiler-plugin:3.6.1:compile (default-compile) @ DemoAutoMobile ---
[INFO] Changes detected - recompiling the module!
[INFO] Compiling 28 source files to C:\Users\HTC\Desktop\GitKrakenRepositories\DemoAutoMobile\DemoAutoMobile\target\classes
[INFO] /C:/Users/HTC/Desktop/GitKrakenRepositories/DemoAutoMobile/DemoAutoMobile/src/main/java/com/aut/demo/util/DriverFactory.java: C:\Users\HTC\Desktop\GitKrakenRepositories\DemoAutoMobile\DemoAutoMobile\src\main\java\com\aut\demo\util\DriverFactory.java uses unchecked or unsafe operations.
[INFO] /C:/Users/HTC/Desktop/GitKrakenRepositories/DemoAutoMobile/DemoAutoMobile/src/main/java/com/aut/demo/util/DriverFactory.java: Recompile with -Xlint:unchecked for details.
[INFO] 
[INFO] --- maven-resources-plugin:2.6:testResources (default-testResources) @ DemoAutoMobile ---
[INFO] Using 'UTF-8' encoding to copy filtered resources.
[INFO] Copying 2 resources
[INFO] 
[INFO] --- maven-compiler-plugin:3.6.1:testCompile (default-testCompile) @ DemoAutoMobile ---
[INFO] Changes detected - recompiling the module!
[INFO] Compiling 11 source files to C:\Users\HTC\Desktop\GitKrakenRepositories\DemoAutoMobile\DemoAutoMobile\target\test-classes
[INFO] 
[INFO] --- maven-surefire-plugin:2.22.1:test (default-test) @ DemoAutoMobile ---
[INFO] 
[INFO] -------------------------------------------------------
[INFO]  T E S T S
[INFO] -------------------------------------------------------
[INFO] Running com.aut.demo.tigoShop.specs.All_Tests
[INFO] Scanning for projects...
[INFO] 
[INFO] --------------------< com.aut.demo:DemoAutoMobile >---------------------
[INFO] Building DemoAutoMobile 1.0-SNAPSHOT
[INFO] --------------------------------[ jar ]---------------------------------
[INFO] 
[INFO] --- maven-clean-plugin:2.5:clean (default-clean) @ DemoAutoMobile ---
[INFO] Deleting C:\Users\HTC\Desktop\GitKrakenRepositories\DemoAutoMobile\DemoAutoMobile\target
[INFO] ------------------------------------------------------------------------
[INFO] BUILD FAILURE
[INFO] ------------------------------------------------------------------------
[INFO] Total time:  4.588 s
[INFO] Finished at: 2019-07-29T16:57:28-06:00
[INFO] ------------------------------------------------------------------------
[ERROR] Failed to execute goal org.apache.maven.plugins:maven-clean-plugin:2.5:clean (default-clean) on project DemoAutoMobile: Failed to clean project: Failed to delete C:\Users\HTC\Desktop\GitKrakenRepositories\DemoAutoMobile\DemoAutoMobile\target\classes\com\aut -> [Help 1]
[ERROR] 
[ERROR] To see the full stack trace of the errors, re-run Maven with the -e switch.
[ERROR] Re-run Maven using the -X switch to enable full debug logging.
[ERROR] 
[ERROR] For more information about the errors and possible solutions, please read the following articles:
[ERROR] [Help 1] http://cwiki.apache.org/confluence/display/MAVEN/MojoExecutionException
Done creating XML File
[INFO] Scanning for projects...
[INFO] 
[INFO] --------------------< com.aut.demo:DemoAutoMobile >---------------------
[INFO] Building DemoAutoMobile 1.0-SNAPSHOT
[INFO] --------------------------------[ jar ]---------------------------------
[INFO] 
[INFO] --- allure-maven:2.10.0:report (default-cli) @ DemoAutoMobile ---
[INFO] Allure installation directory C:\Users\HTC\Desktop\GitKrakenRepositories\DemoAutoMobile\DemoAutoMobile/.allure
[INFO] Try to finding out allure 2.12.1
[INFO] Generate Allure report (report) with version 2.12.1
[INFO] Generate Allure report to C:\Users\HTC\Desktop\GitKrakenRepositories\DemoAutoMobile\DemoAutoMobile/allure-report
[INFO] Found results directory C:\Users\HTC\Desktop\GitKrakenRepositories\DemoAutoMobile\DemoAutoMobile\target\allure-results
[INFO] Can't find information about categories.
[INFO] Generate report to C:\Users\HTC\Desktop\GitKrakenRepositories\DemoAutoMobile\DemoAutoMobile\allure-report
Report successfully generated to C:\Users\HTC\Desktop\GitKrakenRepositories\DemoAutoMobile\DemoAutoMobile\allure-report
[INFO] Report generated successfully.
[INFO] ------------------------------------------------------------------------
[INFO] BUILD SUCCESS
[INFO] ------------------------------------------------------------------------
[INFO] Total time:  01:11 min
[INFO] Finished at: 2019-07-29T16:58:46-06:00
[INFO] ------------------------------------------------------------------------
[ERROR] Tests run: 4, Failures: 0, Errors: 4, Skipped: 0, Time elapsed: 87.357 s <<< FAILURE! - in com.aut.demo.tigoShop.specs.All_Tests
[ERROR] showBalances01  Time elapsed: 0.4 s  <<< ERROR!
java.lang.NoClassDefFoundError: com/aut/demo/util/DriverFactory
	at com.aut.demo.tigoShop.specs.All_Tests.<init>(All_Tests.java:26)
Caused by: java.lang.ClassNotFoundException: com.aut.demo.util.DriverFactory
	at com.aut.demo.tigoShop.specs.All_Tests.<init>(All_Tests.java:26)

[ERROR] showBalances02  Time elapsed: 0.089 s  <<< ERROR!
java.lang.NoClassDefFoundError: com/aut/demo/util/DriverFactory
	at com.aut.demo.tigoShop.specs.All_Tests.<init>(All_Tests.java:26)

[ERROR] showInformationPerfil01  Time elapsed: 0.084 s  <<< ERROR!
java.lang.NoClassDefFoundError: com/aut/demo/util/DriverFactory
	at com.aut.demo.tigoShop.specs.All_Tests.<init>(All_Tests.java:26)

[ERROR] showShoppingOffers01  Time elapsed: 0.056 s  <<< ERROR!
java.lang.NoClassDefFoundError: com/aut/demo/util/DriverFactory
	at com.aut.demo.tigoShop.specs.All_Tests.<init>(All_Tests.java:26)

[INFO] 
[INFO] Results:
[INFO] 
[ERROR] Errors: 
[ERROR]   All_Tests.<init>:26 » NoClassDefFound com/aut/demo/util/DriverFactory
[ERROR]   All_Tests.<init>:26 » NoClassDefFound com/aut/demo/util/DriverFactory
[ERROR]   All_Tests.<init>:26 » NoClassDefFound com/aut/demo/util/DriverFactory
[ERROR]   All_Tests.<init>:26 » NoClassDefFound com/aut/demo/util/DriverFactory
[INFO] 
[ERROR] Tests run: 4, Failures: 0, Errors: 4, Skipped: 0
[INFO] 
[INFO] ------------------------------------------------------------------------
[INFO] BUILD FAILURE
[INFO] ------------------------------------------------------------------------
[INFO] Total time:  01:53 min
[INFO] Finished at: 2019-07-29T16:58:47-06:00
[INFO] ------------------------------------------------------------------------
[ERROR] Failed to execute goal org.apache.maven.plugins:maven-surefire-plugin:2.22.1:test (default-test) on project DemoAutoMobile: There are test failures.
[ERROR] 
[ERROR] Please refer to C:\Users\HTC\Desktop\GitKrakenRepositories\DemoAutoMobile\DemoAutoMobile\target\surefire-reports for the individual test results.
[ERROR] Please refer to dump files (if any exist) [date].dump, [date]-jvmRun[N].dump and [date].dumpstream.
[ERROR] -> [Help 1]
[ERROR] 
[ERROR] To see the full stack trace of the errors, re-run Maven with the -e switch.
[ERROR] Re-run Maven using the -X switch to enable full debug logging.
[ERROR] 
[ERROR] For more information about the errors and possible solutions, please read the following articles:
[ERROR] [Help 1] http://cwiki.apache.org/confluence/display/MAVEN/MojoFailureException
]]></system-out>
  </testcase>
  <testcase name="showBalances02" classname="com.aut.demo.tigoShop.specs.All_Tests" time="0.148">
    <error message="com/aut/demo/util/DriverFactory" type="java.lang.NoClassDefFoundError"><![CDATA[java.lang.NoClassDefFoundError: com/aut/demo/util/DriverFactory
	at com.aut.demo.tigoShop.specs.All_Tests.<init>(All_Tests.java:26)
]]></error>
  </testcase>
  <testcase name="showInformationPerfil01" classname="com.aut.demo.tigoShop.specs.All_Tests" time="0.023">
    <error message="com/aut/demo/util/DriverFactory" type="java.lang.NoClassDefFoundError"><![CDATA[java.lang.NoClassDefFoundError: com/aut/demo/util/DriverFactory
	at com.aut.demo.tigoShop.specs.All_Tests.<init>(All_Tests.java:26)
]]></error>
  </testcase>
  <testcase name="showShoppingOffers01" classname="com.aut.demo.tigoShop.specs.All_Tests" time="0.053">
    <error message="com/aut/demo/util/DriverFactory" type="java.lang.NoClassDefFoundError"><![CDATA[java.lang.NoClassDefFoundError: com/aut/demo/util/DriverFactory
	at com.aut.demo.tigoShop.specs.All_Tests.<init>(All_Tests.java:26)
]]></error>
  </testcase>
</testsuite>