<?xml version="1.0" encoding="UTF-8"?>
<testsuite xmlns:xsi="http://www.w3.org/2001/XMLSchema-instance" xsi:noNamespaceSchemaLocation="https://maven.apache.org/surefire/maven-surefire-plugin/xsd/surefire-test-report.xsd" name="com.aut.demo.tigoShop.specs.CU_003_Show_Shopping_Offers" time="107.701" tests="1" errors="0" skipped="0" failures="0">
  <properties>
    <property name="sun.desktop" value="windows"/>
    <property name="awt.toolkit" value="sun.awt.windows.WToolkit"/>
    <property name="file.encoding.pkg" value="sun.io"/>
    <property name="java.specification.version" value="1.8"/>
    <property name="sun.cpu.isalist" value="amd64"/>
    <property name="sun.jnu.encoding" value="Cp1252"/>
    <property name="java.class.path" value="C:\Users\HTC\Desktop\GitKrakenRepositories\DemoAutoMobile\DemoAutoMobile\target\test-classes;C:\Users\HTC\Desktop\GitKrakenRepositories\DemoAutoMobile\DemoAutoMobile\target\classes;C:\Users\HTC\.m2\repository\org\junit\jupiter\junit-jupiter-api\5.3.1\junit-jupiter-api-5.3.1.jar;C:\Users\HTC\.m2\repository\org\apiguardian\apiguardian-api\1.0.0\apiguardian-api-1.0.0.jar;C:\Users\HTC\.m2\repository\org\opentest4j\opentest4j\1.1.1\opentest4j-1.1.1.jar;C:\Users\HTC\.m2\repository\org\junit\platform\junit-platform-commons\1.3.1\junit-platform-commons-1.3.1.jar;C:\Users\HTC\.m2\repository\org\junit\jupiter\junit-jupiter-engine\5.3.1\junit-jupiter-engine-5.3.1.jar;C:\Users\HTC\.m2\repository\org\junit\platform\junit-platform-engine\1.3.1\junit-platform-engine-1.3.1.jar;C:\Users\HTC\.m2\repository\io\qameta\allure\allure-junit5\2.12.1\allure-junit5-2.12.1.jar;C:\Users\HTC\.m2\repository\io\qameta\allure\allure-junit-platform\2.12.1\allure-junit-platform-2.12.1.jar;C:\Users\HTC\.m2\repository\io\qameta\allure\allure-java-commons\2.12.1\allure-java-commons-2.12.1.jar;C:\Users\HTC\.m2\repository\io\qameta\allure\allure-model\2.12.1\allure-model-2.12.1.jar;C:\Users\HTC\.m2\repository\com\fasterxml\jackson\core\jackson-databind\2.9.8\jackson-databind-2.9.8.jar;C:\Users\HTC\.m2\repository\com\fasterxml\jackson\core\jackson-annotations\2.9.0\jackson-annotations-2.9.0.jar;C:\Users\HTC\.m2\repository\com\fasterxml\jackson\core\jackson-core\2.9.8\jackson-core-2.9.8.jar;C:\Users\HTC\.m2\repository\org\apache\tika\tika-core\1.20\tika-core-1.20.jar;C:\Users\HTC\.m2\repository\org\jooq\joor-java-8\0.9.10\joor-java-8-0.9.10.jar;C:\Users\HTC\.m2\repository\org\junit\platform\junit-platform-launcher\1.4.0\junit-platform-launcher-1.4.0.jar;C:\Users\HTC\.m2\repository\io\appium\java-client\7.1.0\java-client-7.1.0.jar;C:\Users\HTC\.m2\repository\org\seleniumhq\selenium\selenium-support\4.0.0-alpha-1\selenium-support-4.0.0-alpha-1.jar;C:\Users\HTC\.m2\repository\org\seleniumhq\selenium\selenium-remote-driver\4.0.0-alpha-1\selenium-remote-driver-4.0.0-alpha-1.jar;C:\Users\HTC\.m2\repository\net\bytebuddy\byte-buddy\1.9.12\byte-buddy-1.9.12.jar;C:\Users\HTC\.m2\repository\org\apache\commons\commons-exec\1.3\commons-exec-1.3.jar;C:\Users\HTC\.m2\repository\com\google\guava\guava\27.1-jre\guava-27.1-jre.jar;C:\Users\HTC\.m2\repository\com\google\guava\failureaccess\1.0.1\failureaccess-1.0.1.jar;C:\Users\HTC\.m2\repository\com\google\guava\listenablefuture\9999.0-empty-to-avoid-conflict-with-guava\listenablefuture-9999.0-empty-to-avoid-conflict-with-guava.jar;C:\Users\HTC\.m2\repository\org\checkerframework\checker-qual\2.5.2\checker-qual-2.5.2.jar;C:\Users\HTC\.m2\repository\com\google\errorprone\error_prone_annotations\2.2.0\error_prone_annotations-2.2.0.jar;C:\Users\HTC\.m2\repository\com\google\j2objc\j2objc-annotations\1.1\j2objc-annotations-1.1.jar;C:\Users\HTC\.m2\repository\org\codehaus\mojo\animal-sniffer-annotations\1.17\animal-sniffer-annotations-1.17.jar;C:\Users\HTC\.m2\repository\com\squareup\okhttp3\okhttp\3.14.0\okhttp-3.14.0.jar;C:\Users\HTC\.m2\repository\com\squareup\okio\okio\1.17.2\okio-1.17.2.jar;C:\Users\HTC\.m2\repository\org\seleniumhq\selenium\selenium-api\4.0.0-alpha-1\selenium-api-4.0.0-alpha-1.jar;C:\Users\HTC\.m2\repository\com\google\code\gson\gson\2.8.5\gson-2.8.5.jar;C:\Users\HTC\.m2\repository\org\apache\httpcomponents\httpclient\4.5.8\httpclient-4.5.8.jar;C:\Users\HTC\.m2\repository\org\apache\httpcomponents\httpcore\4.4.11\httpcore-4.4.11.jar;C:\Users\HTC\.m2\repository\commons-logging\commons-logging\1.2\commons-logging-1.2.jar;C:\Users\HTC\.m2\repository\commons-codec\commons-codec\1.11\commons-codec-1.11.jar;C:\Users\HTC\.m2\repository\cglib\cglib\3.2.10\cglib-3.2.10.jar;C:\Users\HTC\.m2\repository\org\ow2\asm\asm\7.0\asm-7.0.jar;C:\Users\HTC\.m2\repository\org\apache\ant\ant\1.10.3\ant-1.10.3.jar;C:\Users\HTC\.m2\repository\org\apache\ant\ant-launcher\1.10.3\ant-launcher-1.10.3.jar;C:\Users\HTC\.m2\repository\commons-validator\commons-validator\1.6\commons-validator-1.6.jar;C:\Users\HTC\.m2\repository\commons-digester\commons-digester\1.8.1\commons-digester-1.8.1.jar;C:\Users\HTC\.m2\repository\commons-collections\commons-collections\3.2.2\commons-collections-3.2.2.jar;C:\Users\HTC\.m2\repository\commons-io\commons-io\2.6\commons-io-2.6.jar;C:\Users\HTC\.m2\repository\org\springframework\spring-context\5.1.6.RELEASE\spring-context-5.1.6.RELEASE.jar;C:\Users\HTC\.m2\repository\org\springframework\spring-aop\5.1.6.RELEASE\spring-aop-5.1.6.RELEASE.jar;C:\Users\HTC\.m2\repository\org\springframework\spring-beans\5.1.6.RELEASE\spring-beans-5.1.6.RELEASE.jar;C:\Users\HTC\.m2\repository\org\springframework\spring-core\5.1.6.RELEASE\spring-core-5.1.6.RELEASE.jar;C:\Users\HTC\.m2\repository\org\springframework\spring-jcl\5.1.6.RELEASE\spring-jcl-5.1.6.RELEASE.jar;C:\Users\HTC\.m2\repository\org\springframework\spring-expression\5.1.6.RELEASE\spring-expression-5.1.6.RELEASE.jar;C:\Users\HTC\.m2\repository\org\aspectj\aspectjweaver\1.9.3\aspectjweaver-1.9.3.jar;C:\Users\HTC\.m2\repository\org\slf4j\slf4j-api\1.7.26\slf4j-api-1.7.26.jar;C:\Users\HTC\.m2\repository\org\seleniumhq\selenium\selenium-java\4.0.0-alpha-2\selenium-java-4.0.0-alpha-2.jar;C:\Users\HTC\.m2\repository\org\seleniumhq\selenium\selenium-chrome-driver\4.0.0-alpha-2\selenium-chrome-driver-4.0.0-alpha-2.jar;C:\Users\HTC\.m2\repository\org\seleniumhq\selenium\selenium-chromium-driver\4.0.0-alpha-2\selenium-chromium-driver-4.0.0-alpha-2.jar;C:\Users\HTC\.m2\repository\org\seleniumhq\selenium\selenium-edgehtml-driver\4.0.0-alpha-2\selenium-edgehtml-driver-4.0.0-alpha-2.jar;C:\Users\HTC\.m2\repository\org\seleniumhq\selenium\selenium-edge-driver\4.0.0-alpha-2\selenium-edge-driver-4.0.0-alpha-2.jar;C:\Users\HTC\.m2\repository\org\seleniumhq\selenium\selenium-firefox-xpi-driver\4.0.0-alpha-2\selenium-firefox-xpi-driver-4.0.0-alpha-2.jar;C:\Users\HTC\.m2\repository\org\seleniumhq\selenium\selenium-firefox-driver\4.0.0-alpha-2\selenium-firefox-driver-4.0.0-alpha-2.jar;C:\Users\HTC\.m2\repository\org\seleniumhq\selenium\selenium-ie-driver\4.0.0-alpha-2\selenium-ie-driver-4.0.0-alpha-2.jar;C:\Users\HTC\.m2\repository\org\seleniumhq\selenium\selenium-opera-driver\4.0.0-alpha-2\selenium-opera-driver-4.0.0-alpha-2.jar;C:\Users\HTC\.m2\repository\org\seleniumhq\selenium\selenium-safari-driver\4.0.0-alpha-2\selenium-safari-driver-4.0.0-alpha-2.jar;C:\Users\HTC\.m2\repository\org\apache\commons\commons-lang3\3.9\commons-lang3-3.9.jar;C:\Users\HTC\.m2\repository\org\hamcrest\hamcrest-core\1.3\hamcrest-core-1.3.jar;C:\Users\HTC\.m2\repository\ru\yandex\qatools\allure\allure-junit-adaptor\1.5.4\allure-junit-adaptor-1.5.4.jar;C:\Users\HTC\.m2\repository\ru\yandex\qatools\allure\allure-java-aspects\1.5.4\allure-java-aspects-1.5.4.jar;C:\Users\HTC\.m2\repository\ru\yandex\qatools\allure\allure-java-adaptor-api\1.5.4\allure-java-adaptor-api-1.5.4.jar;C:\Users\HTC\.m2\repository\ru\yandex\qatools\allure\allure-java-annotations\1.5.4\allure-java-annotations-1.5.4.jar;C:\Users\HTC\.m2\repository\ru\yandex\qatools\allure\allure-model\1.5.4\allure-model-1.5.4.jar;C:\Users\HTC\.m2\repository\org\jvnet\jaxb2_commons\jaxb2-basics-runtime\0.9.3\jaxb2-basics-runtime-0.9.3.jar;C:\Users\HTC\.m2\repository\ru\qatools\commons\properties\2.0.RC5\properties-2.0.RC5.jar;C:\Users\HTC\.m2\repository\org\aspectj\aspectjrt\1.8.3\aspectjrt-1.8.3.jar;C:\Users\HTC\.m2\repository\junit\junit\4.12\junit-4.12.jar;C:\Users\HTC\.m2\repository\ru\yandex\qatools\allure\allure-maven-plugin\2.6\allure-maven-plugin-2.6.jar;C:\Users\HTC\.m2\repository\ru\yandex\qatools\clay\clay-aether\2.5\clay-aether-2.5.jar;C:\Users\HTC\.m2\repository\org\eclipse\aether\aether-api\1.0.1.v20141111\aether-api-1.0.1.v20141111.jar;C:\Users\HTC\.m2\repository\org\eclipse\aether\aether-util\1.0.1.v20141111\aether-util-1.0.1.v20141111.jar;C:\Users\HTC\.m2\repository\org\eclipse\aether\aether-impl\1.0.1.v20141111\aether-impl-1.0.1.v20141111.jar;C:\Users\HTC\.m2\repository\org\eclipse\aether\aether-spi\1.0.1.v20141111\aether-spi-1.0.1.v20141111.jar;C:\Users\HTC\.m2\repository\org\eclipse\aether\aether-connector-basic\1.0.1.v20141111\aether-connector-basic-1.0.1.v20141111.jar;C:\Users\HTC\.m2\repository\org\eclipse\aether\aether-transport-file\1.0.1.v20141111\aether-transport-file-1.0.1.v20141111.jar;C:\Users\HTC\.m2\repository\org\eclipse\aether\aether-transport-http\1.0.1.v20141111\aether-transport-http-1.0.1.v20141111.jar;C:\Users\HTC\.m2\repository\org\slf4j\jcl-over-slf4j\1.6.2\jcl-over-slf4j-1.6.2.jar;C:\Users\HTC\.m2\repository\org\eclipse\aether\aether-transport-wagon\1.0.1.v20141111\aether-transport-wagon-1.0.1.v20141111.jar;C:\Users\HTC\.m2\repository\org\apache\maven\maven-aether-provider\3.1.0\maven-aether-provider-3.1.0.jar;C:\Users\HTC\.m2\repository\org\apache\maven\wagon\wagon-ssh\2.6\wagon-ssh-2.6.jar;C:\Users\HTC\.m2\repository\com\jcraft\jsch\0.1.50\jsch-0.1.50.jar;C:\Users\HTC\.m2\repository\com\jcraft\jsch.agentproxy.connector-factory\0.0.6\jsch.agentproxy.connector-factory-0.0.6.jar;C:\Users\HTC\.m2\repository\com\jcraft\jsch.agentproxy.core\0.0.6\jsch.agentproxy.core-0.0.6.jar;C:\Users\HTC\.m2\repository\com\jcraft\jsch.agentproxy.usocket-jna\0.0.6\jsch.agentproxy.usocket-jna-0.0.6.jar;C:\Users\HTC\.m2\repository\net\java\dev\jna\jna\3.4.0\jna-3.4.0.jar;C:\Users\HTC\.m2\repository\net\java\dev\jna\platform\3.4.0\platform-3.4.0.jar;C:\Users\HTC\.m2\repository\com\jcraft\jsch.agentproxy.usocket-nc\0.0.6\jsch.agentproxy.usocket-nc-0.0.6.jar;C:\Users\HTC\.m2\repository\com\jcraft\jsch.agentproxy.sshagent\0.0.6\jsch.agentproxy.sshagent-0.0.6.jar;C:\Users\HTC\.m2\repository\com\jcraft\jsch.agentproxy.pageant\0.0.6\jsch.agentproxy.pageant-0.0.6.jar;C:\Users\HTC\.m2\repository\com\jcraft\jsch.agentproxy.jsch\0.0.6\jsch.agentproxy.jsch-0.0.6.jar;C:\Users\HTC\.m2\repository\org\apache\maven\wagon\wagon-ssh-common\2.6\wagon-ssh-common-2.6.jar;C:\Users\HTC\.m2\repository\org\codehaus\plexus\plexus-interactivity-api\1.0-alpha-6\plexus-interactivity-api-1.0-alpha-6.jar;C:\Users\HTC\.m2\repository\org\apache\maven\wagon\wagon-file\2.6\wagon-file-2.6.jar;C:\Users\HTC\.m2\repository\commons-lang\commons-lang\2.6\commons-lang-2.6.jar;C:\Users\HTC\.m2\repository\org\apache\maven\wagon\wagon-http\2.6\wagon-http-2.6.jar;C:\Users\HTC\.m2\repository\org\apache\maven\wagon\wagon-http-shared\2.6\wagon-http-shared-2.6.jar;C:\Users\HTC\.m2\repository\org\jsoup\jsoup\1.7.2\jsoup-1.7.2.jar;C:\Users\HTC\.m2\repository\org\apache\maven\wagon\wagon-http-lightweight\2.6\wagon-http-lightweight-2.6.jar;C:\Users\HTC\.m2\repository\ru\yandex\qatools\clay\clay-maven-settings-builder\2.5\clay-maven-settings-builder-2.5.jar;C:\Users\HTC\.m2\repository\org\apache\maven\maven-core\3.3.9\maven-core-3.3.9.jar;C:\Users\HTC\.m2\repository\org\apache\maven\maven-model\3.3.9\maven-model-3.3.9.jar;C:\Users\HTC\.m2\repository\org\apache\maven\maven-settings\3.3.9\maven-settings-3.3.9.jar;C:\Users\HTC\.m2\repository\org\apache\maven\maven-settings-builder\3.3.9\maven-settings-builder-3.3.9.jar;C:\Users\HTC\.m2\repository\org\apache\maven\maven-builder-support\3.3.9\maven-builder-support-3.3.9.jar;C:\Users\HTC\.m2\repository\org\apache\maven\maven-repository-metadata\3.3.9\maven-repository-metadata-3.3.9.jar;C:\Users\HTC\.m2\repository\org\apache\maven\maven-artifact\3.3.9\maven-artifact-3.3.9.jar;C:\Users\HTC\.m2\repository\org\apache\maven\maven-plugin-api\3.3.9\maven-plugin-api-3.3.9.jar;C:\Users\HTC\.m2\repository\org\apache\maven\maven-model-builder\3.3.9\maven-model-builder-3.3.9.jar;C:\Users\HTC\.m2\repository\org\eclipse\sisu\org.eclipse.sisu.plexus\0.3.2\org.eclipse.sisu.plexus-0.3.2.jar;C:\Users\HTC\.m2\repository\javax\enterprise\cdi-api\1.0\cdi-api-1.0.jar;C:\Users\HTC\.m2\repository\javax\annotation\jsr250-api\1.0\jsr250-api-1.0.jar;C:\Users\HTC\.m2\repository\org\eclipse\sisu\org.eclipse.sisu.inject\0.3.2\org.eclipse.sisu.inject-0.3.2.jar;C:\Users\HTC\.m2\repository\com\google\inject\guice\4.0\guice-4.0-no_aop.jar;C:\Users\HTC\.m2\repository\javax\inject\javax.inject\1\javax.inject-1.jar;C:\Users\HTC\.m2\repository\aopalliance\aopalliance\1.0\aopalliance-1.0.jar;C:\Users\HTC\.m2\repository\org\codehaus\plexus\plexus-interpolation\1.21\plexus-interpolation-1.21.jar;C:\Users\HTC\.m2\repository\org\codehaus\plexus\plexus-utils\3.0.22\plexus-utils-3.0.22.jar;C:\Users\HTC\.m2\repository\org\codehaus\plexus\plexus-classworlds\2.5.2\plexus-classworlds-2.5.2.jar;C:\Users\HTC\.m2\repository\org\codehaus\plexus\plexus-component-annotations\1.6\plexus-component-annotations-1.6.jar;C:\Users\HTC\.m2\repository\org\sonatype\plexus\plexus-sec-dispatcher\1.3\plexus-sec-dispatcher-1.3.jar;C:\Users\HTC\.m2\repository\org\sonatype\plexus\plexus-cipher\1.4\plexus-cipher-1.4.jar;C:\Users\HTC\.m2\repository\org\apache\maven\reporting\maven-reporting-impl\2.4\maven-reporting-impl-2.4.jar;C:\Users\HTC\.m2\repository\org\apache\maven\reporting\maven-reporting-api\3.0\maven-reporting-api-3.0.jar;C:\Users\HTC\.m2\repository\org\apache\maven\maven-project\2.2.1\maven-project-2.2.1.jar;C:\Users\HTC\.m2\repository\org\apache\maven\maven-profile\2.2.1\maven-profile-2.2.1.jar;C:\Users\HTC\.m2\repository\org\apache\maven\maven-artifact-manager\2.2.1\maven-artifact-manager-2.2.1.jar;C:\Users\HTC\.m2\repository\backport-util-concurrent\backport-util-concurrent\3.1\backport-util-concurrent-3.1.jar;C:\Users\HTC\.m2\repository\org\apache\maven\maven-plugin-registry\2.2.1\maven-plugin-registry-2.2.1.jar;C:\Users\HTC\.m2\repository\org\codehaus\plexus\plexus-container-default\1.0-alpha-9-stable-1\plexus-container-default-1.0-alpha-9-stable-1.jar;C:\Users\HTC\.m2\repository\classworlds\classworlds\1.1-alpha-2\classworlds-1.1-alpha-2.jar;C:\Users\HTC\.m2\repository\org\apache\maven\shared\maven-shared-utils\0.6\maven-shared-utils-0.6.jar;C:\Users\HTC\.m2\repository\com\google\code\findbugs\jsr305\2.0.1\jsr305-2.0.1.jar;C:\Users\HTC\.m2\repository\org\apache\maven\doxia\doxia-sink-api\1.6\doxia-sink-api-1.6.jar;C:\Users\HTC\.m2\repository\org\apache\maven\doxia\doxia-logging-api\1.6\doxia-logging-api-1.6.jar;C:\Users\HTC\.m2\repository\org\apache\maven\doxia\doxia-core\1.6\doxia-core-1.6.jar;C:\Users\HTC\.m2\repository\xerces\xercesImpl\2.9.1\xercesImpl-2.9.1.jar;C:\Users\HTC\.m2\repository\xmlunit\xmlunit\1.5\xmlunit-1.5.jar;C:\Users\HTC\.m2\repository\org\apache\maven\doxia\doxia-site-renderer\1.6\doxia-site-renderer-1.6.jar;C:\Users\HTC\.m2\repository\org\apache\maven\doxia\doxia-decoration-model\1.6\doxia-decoration-model-1.6.jar;C:\Users\HTC\.m2\repository\org\apache\maven\doxia\doxia-module-xhtml\1.6\doxia-module-xhtml-1.6.jar;C:\Users\HTC\.m2\repository\org\apache\maven\doxia\doxia-module-fml\1.6\doxia-module-fml-1.6.jar;C:\Users\HTC\.m2\repository\org\codehaus\plexus\plexus-i18n\1.0-beta-7\plexus-i18n-1.0-beta-7.jar;C:\Users\HTC\.m2\repository\org\codehaus\plexus\plexus-velocity\1.1.7\plexus-velocity-1.1.7.jar;C:\Users\HTC\.m2\repository\org\apache\velocity\velocity-tools\2.0\velocity-tools-2.0.jar;C:\Users\HTC\.m2\repository\commons-chain\commons-chain\1.1\commons-chain-1.1.jar;C:\Users\HTC\.m2\repository\dom4j\dom4j\1.1\dom4j-1.1.jar;C:\Users\HTC\.m2\repository\sslext\sslext\1.2-0\sslext-1.2-0.jar;C:\Users\HTC\.m2\repository\org\apache\struts\struts-core\1.3.8\struts-core-1.3.8.jar;C:\Users\HTC\.m2\repository\antlr\antlr\2.7.2\antlr-2.7.2.jar;C:\Users\HTC\.m2\repository\org\apache\struts\struts-taglib\1.3.8\struts-taglib-1.3.8.jar;C:\Users\HTC\.m2\repository\org\apache\struts\struts-tiles\1.3.8\struts-tiles-1.3.8.jar;C:\Users\HTC\.m2\repository\commons-beanutils\commons-beanutils\1.9.3\commons-beanutils-1.9.3.jar;C:\Users\HTC\.m2\repository\org\apache\maven\plugin-tools\maven-plugin-annotations\3.2\maven-plugin-annotations-3.2.jar;C:\Users\HTC\.m2\repository\org\apache\maven\plugins\maven-jxr-plugin\2.5\maven-jxr-plugin-2.5.jar;C:\Users\HTC\.m2\repository\org\apache\velocity\velocity\1.5\velocity-1.5.jar;C:\Users\HTC\.m2\repository\oro\oro\2.0.8\oro-2.0.8.jar;C:\Users\HTC\.m2\repository\org\apache\maven\maven-jxr\2.5\maven-jxr-2.5.jar;C:\Users\HTC\.m2\repository\org\apache\maven\wagon\wagon-provider-api\1.0\wagon-provider-api-1.0.jar;C:\Users\HTC\.m2\repository\xml-apis\xml-apis\1.0.b2\xml-apis-1.0.b2.jar;C:\Users\HTC\.m2\repository\xalan\xalan\2.7.0\xalan-2.7.0.jar;"/>
    <property name="java.vm.vendor" value="Oracle Corporation"/>
    <property name="sun.arch.data.model" value="64"/>
    <property name="user.variant" value=""/>
    <property name="java.vendor.url" value="http://java.oracle.com/"/>
    <property name="user.timezone" value="America/Regina"/>
    <property name="java.vm.specification.version" value="1.8"/>
    <property name="os.name" value="Windows 10"/>
    <property name="sun.java.launcher" value="SUN_STANDARD"/>
    <property name="user.country" value="SV"/>
    <property name="sun.boot.library.path" value="C:\Program Files\Java\jdk1.8.0_211\jre\bin"/>
    <property name="sun.java.command" value="C:\Users\HTC\AppData\Local\Temp\surefire7408313776457581033\surefirebooter7316148438122071437.jar C:\Users\HTC\AppData\Local\Temp\surefire7408313776457581033 2019-07-24T17-17-51_783-jvmRun1 surefire3753192747133226423tmp surefire_01410667922571789349tmp"/>
    <property name="test" value="com.aut.demo.tigoShop.specs.CU_003_Show_Shopping_Offers"/>
    <property name="surefire.test.class.path" value="C:\Users\HTC\Desktop\GitKrakenRepositories\DemoAutoMobile\DemoAutoMobile\target\test-classes;C:\Users\HTC\Desktop\GitKrakenRepositories\DemoAutoMobile\DemoAutoMobile\target\classes;C:\Users\HTC\.m2\repository\org\junit\jupiter\junit-jupiter-api\5.3.1\junit-jupiter-api-5.3.1.jar;C:\Users\HTC\.m2\repository\org\apiguardian\apiguardian-api\1.0.0\apiguardian-api-1.0.0.jar;C:\Users\HTC\.m2\repository\org\opentest4j\opentest4j\1.1.1\opentest4j-1.1.1.jar;C:\Users\HTC\.m2\repository\org\junit\platform\junit-platform-commons\1.3.1\junit-platform-commons-1.3.1.jar;C:\Users\HTC\.m2\repository\org\junit\jupiter\junit-jupiter-engine\5.3.1\junit-jupiter-engine-5.3.1.jar;C:\Users\HTC\.m2\repository\org\junit\platform\junit-platform-engine\1.3.1\junit-platform-engine-1.3.1.jar;C:\Users\HTC\.m2\repository\io\qameta\allure\allure-junit5\2.12.1\allure-junit5-2.12.1.jar;C:\Users\HTC\.m2\repository\io\qameta\allure\allure-junit-platform\2.12.1\allure-junit-platform-2.12.1.jar;C:\Users\HTC\.m2\repository\io\qameta\allure\allure-java-commons\2.12.1\allure-java-commons-2.12.1.jar;C:\Users\HTC\.m2\repository\io\qameta\allure\allure-model\2.12.1\allure-model-2.12.1.jar;C:\Users\HTC\.m2\repository\com\fasterxml\jackson\core\jackson-databind\2.9.8\jackson-databind-2.9.8.jar;C:\Users\HTC\.m2\repository\com\fasterxml\jackson\core\jackson-annotations\2.9.0\jackson-annotations-2.9.0.jar;C:\Users\HTC\.m2\repository\com\fasterxml\jackson\core\jackson-core\2.9.8\jackson-core-2.9.8.jar;C:\Users\HTC\.m2\repository\org\apache\tika\tika-core\1.20\tika-core-1.20.jar;C:\Users\HTC\.m2\repository\org\jooq\joor-java-8\0.9.10\joor-java-8-0.9.10.jar;C:\Users\HTC\.m2\repository\org\junit\platform\junit-platform-launcher\1.4.0\junit-platform-launcher-1.4.0.jar;C:\Users\HTC\.m2\repository\io\appium\java-client\7.1.0\java-client-7.1.0.jar;C:\Users\HTC\.m2\repository\org\seleniumhq\selenium\selenium-support\4.0.0-alpha-1\selenium-support-4.0.0-alpha-1.jar;C:\Users\HTC\.m2\repository\org\seleniumhq\selenium\selenium-remote-driver\4.0.0-alpha-1\selenium-remote-driver-4.0.0-alpha-1.jar;C:\Users\HTC\.m2\repository\net\bytebuddy\byte-buddy\1.9.12\byte-buddy-1.9.12.jar;C:\Users\HTC\.m2\repository\org\apache\commons\commons-exec\1.3\commons-exec-1.3.jar;C:\Users\HTC\.m2\repository\com\google\guava\guava\27.1-jre\guava-27.1-jre.jar;C:\Users\HTC\.m2\repository\com\google\guava\failureaccess\1.0.1\failureaccess-1.0.1.jar;C:\Users\HTC\.m2\repository\com\google\guava\listenablefuture\9999.0-empty-to-avoid-conflict-with-guava\listenablefuture-9999.0-empty-to-avoid-conflict-with-guava.jar;C:\Users\HTC\.m2\repository\org\checkerframework\checker-qual\2.5.2\checker-qual-2.5.2.jar;C:\Users\HTC\.m2\repository\com\google\errorprone\error_prone_annotations\2.2.0\error_prone_annotations-2.2.0.jar;C:\Users\HTC\.m2\repository\com\google\j2objc\j2objc-annotations\1.1\j2objc-annotations-1.1.jar;C:\Users\HTC\.m2\repository\org\codehaus\mojo\animal-sniffer-annotations\1.17\animal-sniffer-annotations-1.17.jar;C:\Users\HTC\.m2\repository\com\squareup\okhttp3\okhttp\3.14.0\okhttp-3.14.0.jar;C:\Users\HTC\.m2\repository\com\squareup\okio\okio\1.17.2\okio-1.17.2.jar;C:\Users\HTC\.m2\repository\org\seleniumhq\selenium\selenium-api\4.0.0-alpha-1\selenium-api-4.0.0-alpha-1.jar;C:\Users\HTC\.m2\repository\com\google\code\gson\gson\2.8.5\gson-2.8.5.jar;C:\Users\HTC\.m2\repository\org\apache\httpcomponents\httpclient\4.5.8\httpclient-4.5.8.jar;C:\Users\HTC\.m2\repository\org\apache\httpcomponents\httpcore\4.4.11\httpcore-4.4.11.jar;C:\Users\HTC\.m2\repository\commons-logging\commons-logging\1.2\commons-logging-1.2.jar;C:\Users\HTC\.m2\repository\commons-codec\commons-codec\1.11\commons-codec-1.11.jar;C:\Users\HTC\.m2\repository\cglib\cglib\3.2.10\cglib-3.2.10.jar;C:\Users\HTC\.m2\repository\org\ow2\asm\asm\7.0\asm-7.0.jar;C:\Users\HTC\.m2\repository\org\apache\ant\ant\1.10.3\ant-1.10.3.jar;C:\Users\HTC\.m2\repository\org\apache\ant\ant-launcher\1.10.3\ant-launcher-1.10.3.jar;C:\Users\HTC\.m2\repository\commons-validator\commons-validator\1.6\commons-validator-1.6.jar;C:\Users\HTC\.m2\repository\commons-digester\commons-digester\1.8.1\commons-digester-1.8.1.jar;C:\Users\HTC\.m2\repository\commons-collections\commons-collections\3.2.2\commons-collections-3.2.2.jar;C:\Users\HTC\.m2\repository\commons-io\commons-io\2.6\commons-io-2.6.jar;C:\Users\HTC\.m2\repository\org\springframework\spring-context\5.1.6.RELEASE\spring-context-5.1.6.RELEASE.jar;C:\Users\HTC\.m2\repository\org\springframework\spring-aop\5.1.6.RELEASE\spring-aop-5.1.6.RELEASE.jar;C:\Users\HTC\.m2\repository\org\springframework\spring-beans\5.1.6.RELEASE\spring-beans-5.1.6.RELEASE.jar;C:\Users\HTC\.m2\repository\org\springframework\spring-core\5.1.6.RELEASE\spring-core-5.1.6.RELEASE.jar;C:\Users\HTC\.m2\repository\org\springframework\spring-jcl\5.1.6.RELEASE\spring-jcl-5.1.6.RELEASE.jar;C:\Users\HTC\.m2\repository\org\springframework\spring-expression\5.1.6.RELEASE\spring-expression-5.1.6.RELEASE.jar;C:\Users\HTC\.m2\repository\org\aspectj\aspectjweaver\1.9.3\aspectjweaver-1.9.3.jar;C:\Users\HTC\.m2\repository\org\slf4j\slf4j-api\1.7.26\slf4j-api-1.7.26.jar;C:\Users\HTC\.m2\repository\org\seleniumhq\selenium\selenium-java\4.0.0-alpha-2\selenium-java-4.0.0-alpha-2.jar;C:\Users\HTC\.m2\repository\org\seleniumhq\selenium\selenium-chrome-driver\4.0.0-alpha-2\selenium-chrome-driver-4.0.0-alpha-2.jar;C:\Users\HTC\.m2\repository\org\seleniumhq\selenium\selenium-chromium-driver\4.0.0-alpha-2\selenium-chromium-driver-4.0.0-alpha-2.jar;C:\Users\HTC\.m2\repository\org\seleniumhq\selenium\selenium-edgehtml-driver\4.0.0-alpha-2\selenium-edgehtml-driver-4.0.0-alpha-2.jar;C:\Users\HTC\.m2\repository\org\seleniumhq\selenium\selenium-edge-driver\4.0.0-alpha-2\selenium-edge-driver-4.0.0-alpha-2.jar;C:\Users\HTC\.m2\repository\org\seleniumhq\selenium\selenium-firefox-xpi-driver\4.0.0-alpha-2\selenium-firefox-xpi-driver-4.0.0-alpha-2.jar;C:\Users\HTC\.m2\repository\org\seleniumhq\selenium\selenium-firefox-driver\4.0.0-alpha-2\selenium-firefox-driver-4.0.0-alpha-2.jar;C:\Users\HTC\.m2\repository\org\seleniumhq\selenium\selenium-ie-driver\4.0.0-alpha-2\selenium-ie-driver-4.0.0-alpha-2.jar;C:\Users\HTC\.m2\repository\org\seleniumhq\selenium\selenium-opera-driver\4.0.0-alpha-2\selenium-opera-driver-4.0.0-alpha-2.jar;C:\Users\HTC\.m2\repository\org\seleniumhq\selenium\selenium-safari-driver\4.0.0-alpha-2\selenium-safari-driver-4.0.0-alpha-2.jar;C:\Users\HTC\.m2\repository\org\apache\commons\commons-lang3\3.9\commons-lang3-3.9.jar;C:\Users\HTC\.m2\repository\org\hamcrest\hamcrest-core\1.3\hamcrest-core-1.3.jar;C:\Users\HTC\.m2\repository\ru\yandex\qatools\allure\allure-junit-adaptor\1.5.4\allure-junit-adaptor-1.5.4.jar;C:\Users\HTC\.m2\repository\ru\yandex\qatools\allure\allure-java-aspects\1.5.4\allure-java-aspects-1.5.4.jar;C:\Users\HTC\.m2\repository\ru\yandex\qatools\allure\allure-java-adaptor-api\1.5.4\allure-java-adaptor-api-1.5.4.jar;C:\Users\HTC\.m2\repository\ru\yandex\qatools\allure\allure-java-annotations\1.5.4\allure-java-annotations-1.5.4.jar;C:\Users\HTC\.m2\repository\ru\yandex\qatools\allure\allure-model\1.5.4\allure-model-1.5.4.jar;C:\Users\HTC\.m2\repository\org\jvnet\jaxb2_commons\jaxb2-basics-runtime\0.9.3\jaxb2-basics-runtime-0.9.3.jar;C:\Users\HTC\.m2\repository\ru\qatools\commons\properties\2.0.RC5\properties-2.0.RC5.jar;C:\Users\HTC\.m2\repository\org\aspectj\aspectjrt\1.8.3\aspectjrt-1.8.3.jar;C:\Users\HTC\.m2\repository\junit\junit\4.12\junit-4.12.jar;C:\Users\HTC\.m2\repository\ru\yandex\qatools\allure\allure-maven-plugin\2.6\allure-maven-plugin-2.6.jar;C:\Users\HTC\.m2\repository\ru\yandex\qatools\clay\clay-aether\2.5\clay-aether-2.5.jar;C:\Users\HTC\.m2\repository\org\eclipse\aether\aether-api\1.0.1.v20141111\aether-api-1.0.1.v20141111.jar;C:\Users\HTC\.m2\repository\org\eclipse\aether\aether-util\1.0.1.v20141111\aether-util-1.0.1.v20141111.jar;C:\Users\HTC\.m2\repository\org\eclipse\aether\aether-impl\1.0.1.v20141111\aether-impl-1.0.1.v20141111.jar;C:\Users\HTC\.m2\repository\org\eclipse\aether\aether-spi\1.0.1.v20141111\aether-spi-1.0.1.v20141111.jar;C:\Users\HTC\.m2\repository\org\eclipse\aether\aether-connector-basic\1.0.1.v20141111\aether-connector-basic-1.0.1.v20141111.jar;C:\Users\HTC\.m2\repository\org\eclipse\aether\aether-transport-file\1.0.1.v20141111\aether-transport-file-1.0.1.v20141111.jar;C:\Users\HTC\.m2\repository\org\eclipse\aether\aether-transport-http\1.0.1.v20141111\aether-transport-http-1.0.1.v20141111.jar;C:\Users\HTC\.m2\repository\org\slf4j\jcl-over-slf4j\1.6.2\jcl-over-slf4j-1.6.2.jar;C:\Users\HTC\.m2\repository\org\eclipse\aether\aether-transport-wagon\1.0.1.v20141111\aether-transport-wagon-1.0.1.v20141111.jar;C:\Users\HTC\.m2\repository\org\apache\maven\maven-aether-provider\3.1.0\maven-aether-provider-3.1.0.jar;C:\Users\HTC\.m2\repository\org\apache\maven\wagon\wagon-ssh\2.6\wagon-ssh-2.6.jar;C:\Users\HTC\.m2\repository\com\jcraft\jsch\0.1.50\jsch-0.1.50.jar;C:\Users\HTC\.m2\repository\com\jcraft\jsch.agentproxy.connector-factory\0.0.6\jsch.agentproxy.connector-factory-0.0.6.jar;C:\Users\HTC\.m2\repository\com\jcraft\jsch.agentproxy.core\0.0.6\jsch.agentproxy.core-0.0.6.jar;C:\Users\HTC\.m2\repository\com\jcraft\jsch.agentproxy.usocket-jna\0.0.6\jsch.agentproxy.usocket-jna-0.0.6.jar;C:\Users\HTC\.m2\repository\net\java\dev\jna\jna\3.4.0\jna-3.4.0.jar;C:\Users\HTC\.m2\repository\net\java\dev\jna\platform\3.4.0\platform-3.4.0.jar;C:\Users\HTC\.m2\repository\com\jcraft\jsch.agentproxy.usocket-nc\0.0.6\jsch.agentproxy.usocket-nc-0.0.6.jar;C:\Users\HTC\.m2\repository\com\jcraft\jsch.agentproxy.sshagent\0.0.6\jsch.agentproxy.sshagent-0.0.6.jar;C:\Users\HTC\.m2\repository\com\jcraft\jsch.agentproxy.pageant\0.0.6\jsch.agentproxy.pageant-0.0.6.jar;C:\Users\HTC\.m2\repository\com\jcraft\jsch.agentproxy.jsch\0.0.6\jsch.agentproxy.jsch-0.0.6.jar;C:\Users\HTC\.m2\repository\org\apache\maven\wagon\wagon-ssh-common\2.6\wagon-ssh-common-2.6.jar;C:\Users\HTC\.m2\repository\org\codehaus\plexus\plexus-interactivity-api\1.0-alpha-6\plexus-interactivity-api-1.0-alpha-6.jar;C:\Users\HTC\.m2\repository\org\apache\maven\wagon\wagon-file\2.6\wagon-file-2.6.jar;C:\Users\HTC\.m2\repository\commons-lang\commons-lang\2.6\commons-lang-2.6.jar;C:\Users\HTC\.m2\repository\org\apache\maven\wagon\wagon-http\2.6\wagon-http-2.6.jar;C:\Users\HTC\.m2\repository\org\apache\maven\wagon\wagon-http-shared\2.6\wagon-http-shared-2.6.jar;C:\Users\HTC\.m2\repository\org\jsoup\jsoup\1.7.2\jsoup-1.7.2.jar;C:\Users\HTC\.m2\repository\org\apache\maven\wagon\wagon-http-lightweight\2.6\wagon-http-lightweight-2.6.jar;C:\Users\HTC\.m2\repository\ru\yandex\qatools\clay\clay-maven-settings-builder\2.5\clay-maven-settings-builder-2.5.jar;C:\Users\HTC\.m2\repository\org\apache\maven\maven-core\3.3.9\maven-core-3.3.9.jar;C:\Users\HTC\.m2\repository\org\apache\maven\maven-model\3.3.9\maven-model-3.3.9.jar;C:\Users\HTC\.m2\repository\org\apache\maven\maven-settings\3.3.9\maven-settings-3.3.9.jar;C:\Users\HTC\.m2\repository\org\apache\maven\maven-settings-builder\3.3.9\maven-settings-builder-3.3.9.jar;C:\Users\HTC\.m2\repository\org\apache\maven\maven-builder-support\3.3.9\maven-builder-support-3.3.9.jar;C:\Users\HTC\.m2\repository\org\apache\maven\maven-repository-metadata\3.3.9\maven-repository-metadata-3.3.9.jar;C:\Users\HTC\.m2\repository\org\apache\maven\maven-artifact\3.3.9\maven-artifact-3.3.9.jar;C:\Users\HTC\.m2\repository\org\apache\maven\maven-plugin-api\3.3.9\maven-plugin-api-3.3.9.jar;C:\Users\HTC\.m2\repository\org\apache\maven\maven-model-builder\3.3.9\maven-model-builder-3.3.9.jar;C:\Users\HTC\.m2\repository\org\eclipse\sisu\org.eclipse.sisu.plexus\0.3.2\org.eclipse.sisu.plexus-0.3.2.jar;C:\Users\HTC\.m2\repository\javax\enterprise\cdi-api\1.0\cdi-api-1.0.jar;C:\Users\HTC\.m2\repository\javax\annotation\jsr250-api\1.0\jsr250-api-1.0.jar;C:\Users\HTC\.m2\repository\org\eclipse\sisu\org.eclipse.sisu.inject\0.3.2\org.eclipse.sisu.inject-0.3.2.jar;C:\Users\HTC\.m2\repository\com\google\inject\guice\4.0\guice-4.0-no_aop.jar;C:\Users\HTC\.m2\repository\javax\inject\javax.inject\1\javax.inject-1.jar;C:\Users\HTC\.m2\repository\aopalliance\aopalliance\1.0\aopalliance-1.0.jar;C:\Users\HTC\.m2\repository\org\codehaus\plexus\plexus-interpolation\1.21\plexus-interpolation-1.21.jar;C:\Users\HTC\.m2\repository\org\codehaus\plexus\plexus-utils\3.0.22\plexus-utils-3.0.22.jar;C:\Users\HTC\.m2\repository\org\codehaus\plexus\plexus-classworlds\2.5.2\plexus-classworlds-2.5.2.jar;C:\Users\HTC\.m2\repository\org\codehaus\plexus\plexus-component-annotations\1.6\plexus-component-annotations-1.6.jar;C:\Users\HTC\.m2\repository\org\sonatype\plexus\plexus-sec-dispatcher\1.3\plexus-sec-dispatcher-1.3.jar;C:\Users\HTC\.m2\repository\org\sonatype\plexus\plexus-cipher\1.4\plexus-cipher-1.4.jar;C:\Users\HTC\.m2\repository\org\apache\maven\reporting\maven-reporting-impl\2.4\maven-reporting-impl-2.4.jar;C:\Users\HTC\.m2\repository\org\apache\maven\reporting\maven-reporting-api\3.0\maven-reporting-api-3.0.jar;C:\Users\HTC\.m2\repository\org\apache\maven\maven-project\2.2.1\maven-project-2.2.1.jar;C:\Users\HTC\.m2\repository\org\apache\maven\maven-profile\2.2.1\maven-profile-2.2.1.jar;C:\Users\HTC\.m2\repository\org\apache\maven\maven-artifact-manager\2.2.1\maven-artifact-manager-2.2.1.jar;C:\Users\HTC\.m2\repository\backport-util-concurrent\backport-util-concurrent\3.1\backport-util-concurrent-3.1.jar;C:\Users\HTC\.m2\repository\org\apache\maven\maven-plugin-registry\2.2.1\maven-plugin-registry-2.2.1.jar;C:\Users\HTC\.m2\repository\org\codehaus\plexus\plexus-container-default\1.0-alpha-9-stable-1\plexus-container-default-1.0-alpha-9-stable-1.jar;C:\Users\HTC\.m2\repository\classworlds\classworlds\1.1-alpha-2\classworlds-1.1-alpha-2.jar;C:\Users\HTC\.m2\repository\org\apache\maven\shared\maven-shared-utils\0.6\maven-shared-utils-0.6.jar;C:\Users\HTC\.m2\repository\com\google\code\findbugs\jsr305\2.0.1\jsr305-2.0.1.jar;C:\Users\HTC\.m2\repository\org\apache\maven\doxia\doxia-sink-api\1.6\doxia-sink-api-1.6.jar;C:\Users\HTC\.m2\repository\org\apache\maven\doxia\doxia-logging-api\1.6\doxia-logging-api-1.6.jar;C:\Users\HTC\.m2\repository\org\apache\maven\doxia\doxia-core\1.6\doxia-core-1.6.jar;C:\Users\HTC\.m2\repository\xerces\xercesImpl\2.9.1\xercesImpl-2.9.1.jar;C:\Users\HTC\.m2\repository\xmlunit\xmlunit\1.5\xmlunit-1.5.jar;C:\Users\HTC\.m2\repository\org\apache\maven\doxia\doxia-site-renderer\1.6\doxia-site-renderer-1.6.jar;C:\Users\HTC\.m2\repository\org\apache\maven\doxia\doxia-decoration-model\1.6\doxia-decoration-model-1.6.jar;C:\Users\HTC\.m2\repository\org\apache\maven\doxia\doxia-module-xhtml\1.6\doxia-module-xhtml-1.6.jar;C:\Users\HTC\.m2\repository\org\apache\maven\doxia\doxia-module-fml\1.6\doxia-module-fml-1.6.jar;C:\Users\HTC\.m2\repository\org\codehaus\plexus\plexus-i18n\1.0-beta-7\plexus-i18n-1.0-beta-7.jar;C:\Users\HTC\.m2\repository\org\codehaus\plexus\plexus-velocity\1.1.7\plexus-velocity-1.1.7.jar;C:\Users\HTC\.m2\repository\org\apache\velocity\velocity-tools\2.0\velocity-tools-2.0.jar;C:\Users\HTC\.m2\repository\commons-chain\commons-chain\1.1\commons-chain-1.1.jar;C:\Users\HTC\.m2\repository\dom4j\dom4j\1.1\dom4j-1.1.jar;C:\Users\HTC\.m2\repository\sslext\sslext\1.2-0\sslext-1.2-0.jar;C:\Users\HTC\.m2\repository\org\apache\struts\struts-core\1.3.8\struts-core-1.3.8.jar;C:\Users\HTC\.m2\repository\antlr\antlr\2.7.2\antlr-2.7.2.jar;C:\Users\HTC\.m2\repository\org\apache\struts\struts-taglib\1.3.8\struts-taglib-1.3.8.jar;C:\Users\HTC\.m2\repository\org\apache\struts\struts-tiles\1.3.8\struts-tiles-1.3.8.jar;C:\Users\HTC\.m2\repository\commons-beanutils\commons-beanutils\1.9.3\commons-beanutils-1.9.3.jar;C:\Users\HTC\.m2\repository\org\apache\maven\plugin-tools\maven-plugin-annotations\3.2\maven-plugin-annotations-3.2.jar;C:\Users\HTC\.m2\repository\org\apache\maven\plugins\maven-jxr-plugin\2.5\maven-jxr-plugin-2.5.jar;C:\Users\HTC\.m2\repository\org\apache\velocity\velocity\1.5\velocity-1.5.jar;C:\Users\HTC\.m2\repository\oro\oro\2.0.8\oro-2.0.8.jar;C:\Users\HTC\.m2\repository\org\apache\maven\maven-jxr\2.5\maven-jxr-2.5.jar;C:\Users\HTC\.m2\repository\org\apache\maven\wagon\wagon-provider-api\1.0\wagon-provider-api-1.0.jar;C:\Users\HTC\.m2\repository\xml-apis\xml-apis\1.0.b2\xml-apis-1.0.b2.jar;C:\Users\HTC\.m2\repository\xalan\xalan\2.7.0\xalan-2.7.0.jar;"/>
    <property name="sun.cpu.endian" value="little"/>
    <property name="user.home" value="C:\Users\HTC"/>
    <property name="user.language" value="es"/>
    <property name="java.specification.vendor" value="Oracle Corporation"/>
    <property name="java.home" value="C:\Program Files\Java\jdk1.8.0_211\jre"/>
    <property name="basedir" value="C:\Users\HTC\Desktop\GitKrakenRepositories\DemoAutoMobile\DemoAutoMobile"/>
    <property name="file.separator" value="\"/>
    <property name="line.separator" value="&#10;"/>
    <property name="java.vm.specification.vendor" value="Oracle Corporation"/>
    <property name="java.specification.name" value="Java Platform API Specification"/>
    <property name="java.awt.graphicsenv" value="sun.awt.Win32GraphicsEnvironment"/>
    <property name="surefire.real.class.path" value="C:\Users\HTC\AppData\Local\Temp\surefire7408313776457581033\surefirebooter7316148438122071437.jar;C:\Users\HTC\.m2\repository/org/aspectj/aspectjweaver/1.9.2/aspectjweaver-1.9.2.jar"/>
    <property name="sun.boot.class.path" value="C:\Program Files\Java\jdk1.8.0_211\jre\lib\resources.jar;C:\Program Files\Java\jdk1.8.0_211\jre\lib\rt.jar;C:\Program Files\Java\jdk1.8.0_211\jre\lib\sunrsasign.jar;C:\Program Files\Java\jdk1.8.0_211\jre\lib\jsse.jar;C:\Program Files\Java\jdk1.8.0_211\jre\lib\jce.jar;C:\Program Files\Java\jdk1.8.0_211\jre\lib\charsets.jar;C:\Program Files\Java\jdk1.8.0_211\jre\lib\jfr.jar;C:\Program Files\Java\jdk1.8.0_211\jre\classes"/>
    <property name="user.script" value=""/>
    <property name="sun.management.compiler" value="HotSpot 64-Bit Tiered Compilers"/>
    <property name="java.runtime.version" value="1.8.0_211-b12"/>
    <property name="user.name" value="HTC"/>
    <property name="path.separator" value=";"/>
    <property name="os.version" value="10.0"/>
    <property name="java.endorsed.dirs" value="C:\Program Files\Java\jdk1.8.0_211\jre\lib\endorsed"/>
    <property name="java.runtime.name" value="Java(TM) SE Runtime Environment"/>
    <property name="file.encoding" value="UTF-8"/>
    <property name="java.vm.name" value="Java HotSpot(TM) 64-Bit Server VM"/>
    <property name="maven.ext.class.path" value="C:\Program Files\NetBeans 8.2\java\maven-nblib\netbeans-eventspy.jar"/>
    <property name="localRepository" value="C:\Users\HTC\.m2\repository"/>
    <property name="java.vendor.url.bug" value="http://bugreport.sun.com/bugreport/"/>
    <property name="java.io.tmpdir" value="C:\Users\HTC\AppData\Local\Temp\"/>
    <property name="java.version" value="1.8.0_211"/>
    <property name="user.dir" value="C:\Users\HTC\Desktop\GitKrakenRepositories\DemoAutoMobile\DemoAutoMobile"/>
    <property name="os.arch" value="amd64"/>
    <property name="java.vm.specification.name" value="Java Virtual Machine Specification"/>
    <property name="java.awt.printerjob" value="sun.awt.windows.WPrinterJob"/>
    <property name="sun.os.patch.level" value=""/>
    <property name="java.library.path" value="C:\Program Files\Java\jdk1.8.0_211\jre\bin;C:\Windows\Sun\Java\bin;C:\Windows\system32;C:\Windows;C:\Program Files (x86)\Common Files\Oracle\Java\javapath;C:\Windows\system32;C:\Windows;C:\Windows\System32\Wbem;C:\Windows\System32\WindowsPowerShell\v1.0\;C:\ProgramData\chocolatey\bin;C:\Program Files\nodejs\;C:\Program Files\Java\jdk1.8.0_211\bin;C:\Program Files\gauge\bin;C:\Program Files\Git\cmd;C:\Program Files (x86)\Intel\Intel(R) Management Engine Components\DAL;C:\Program Files\Intel\Intel(R) Management Engine Components\DAL46;C:\Users\HTC\Allure\allure-2.12.1\bin;C:\Users\HTC\Gradle\gradle-5.5.1\bin;;C:\Users\HTC\AppData\Local\Programs\Microsoft VS Code\bin;C:\Users\HTC\AppData\Roaming\npm;."/>
    <property name="java.vm.info" value="mixed mode"/>
    <property name="java.vendor" value="Oracle Corporation"/>
    <property name="java.vm.version" value="25.211-b12"/>
    <property name="java.ext.dirs" value="C:\Program Files\Java\jdk1.8.0_211\jre\lib\ext;C:\Windows\Sun\Java\lib\ext"/>
    <property name="sun.io.unicode.encoding" value="UnicodeLittle"/>
    <property name="java.class.version" value="52.0"/>
  </properties>
  <testcase name="showShoppingOffers01" classname="com.aut.demo.tigoShop.specs.CU_003_Show_Shopping_Offers" time="107.414"/>
</testsuite>